<?xml version="1.0" encoding="UTF-8"?>
<testsuite xmlns:xsi="http://www.w3.org/2001/XMLSchema-instance" xsi:noNamespaceSchemaLocation="https://maven.apache.org/surefire/maven-surefire-plugin/xsd/surefire-test-report-3.0.xsd" version="3.0" name="TestSuite" time="46.327" tests="4" errors="0" skipped="0" failures="1">
  <properties>
    <property name="java.specification.version" value="22"/>
    <property name="webdriver.chrome.driver" value=".\Drivers\chromedriver.exe"/>
    <property name="sun.cpu.isalist" value="amd64"/>
    <property name="sun.jnu.encoding" value="Cp1252"/>
    <property name="java.class.path" value="C:\Users\upasna\Upasna_Redbus\Redbus\target\test-classes;C:\Users\upasna\Upasna_Redbus\Redbus\target\classes;C:\Users\upasna\.m2\repository\org\seleniumhq\selenium\selenium-java\3.141.59\selenium-java-3.141.59.jar;C:\Users\upasna\.m2\repository\org\seleniumhq\selenium\selenium-api\3.141.59\selenium-api-3.141.59.jar;C:\Users\upasna\.m2\repository\org\seleniumhq\selenium\selenium-chrome-driver\3.141.59\selenium-chrome-driver-3.141.59.jar;C:\Users\upasna\.m2\repository\org\seleniumhq\selenium\selenium-edge-driver\3.141.59\selenium-edge-driver-3.141.59.jar;C:\Users\upasna\.m2\repository\org\seleniumhq\selenium\selenium-firefox-driver\3.141.59\selenium-firefox-driver-3.141.59.jar;C:\Users\upasna\.m2\repository\org\seleniumhq\selenium\selenium-ie-driver\3.141.59\selenium-ie-driver-3.141.59.jar;C:\Users\upasna\.m2\repository\org\seleniumhq\selenium\selenium-opera-driver\3.141.59\selenium-opera-driver-3.141.59.jar;C:\Users\upasna\.m2\repository\org\seleniumhq\selenium\selenium-remote-driver\3.141.59\selenium-remote-driver-3.141.59.jar;C:\Users\upasna\.m2\repository\org\seleniumhq\selenium\selenium-safari-driver\3.141.59\selenium-safari-driver-3.141.59.jar;C:\Users\upasna\.m2\repository\org\seleniumhq\selenium\selenium-support\3.141.59\selenium-support-3.141.59.jar;C:\Users\upasna\.m2\repository\net\bytebuddy\byte-buddy\1.8.15\byte-buddy-1.8.15.jar;C:\Users\upasna\.m2\repository\org\apache\commons\commons-exec\1.3\commons-exec-1.3.jar;C:\Users\upasna\.m2\repository\com\google\guava\guava\25.0-jre\guava-25.0-jre.jar;C:\Users\upasna\.m2\repository\com\google\code\findbugs\jsr305\1.3.9\jsr305-1.3.9.jar;C:\Users\upasna\.m2\repository\org\checkerframework\checker-compat-qual\2.0.0\checker-compat-qual-2.0.0.jar;C:\Users\upasna\.m2\repository\com\google\errorprone\error_prone_annotations\2.1.3\error_prone_annotations-2.1.3.jar;C:\Users\upasna\.m2\repository\com\google\j2objc\j2objc-annotations\1.1\j2objc-annotations-1.1.jar;C:\Users\upasna\.m2\repository\org\codehaus\mojo\animal-sniffer-annotations\1.14\animal-sniffer-annotations-1.14.jar;C:\Users\upasna\.m2\repository\com\squareup\okhttp3\okhttp\3.11.0\okhttp-3.11.0.jar;C:\Users\upasna\.m2\repository\com\squareup\okio\okio\1.14.0\okio-1.14.0.jar;C:\Users\upasna\.m2\repository\org\testng\testng\6.14.3\testng-6.14.3.jar;C:\Users\upasna\.m2\repository\com\beust\jcommander\1.72\jcommander-1.72.jar;C:\Users\upasna\.m2\repository\org\apache-extras\beanshell\bsh\2.0b6\bsh-2.0b6.jar;C:\Users\upasna\.m2\repository\org\apache\logging\log4j\log4j-core\2.17.1\log4j-core-2.17.1.jar;C:\Users\upasna\.m2\repository\org\apache\logging\log4j\log4j-api\2.17.1\log4j-api-2.17.1.jar;C:\Users\upasna\.m2\repository\com\aventstack\extentreports\5.0.6\extentreports-5.0.6.jar;C:\Users\upasna\.m2\repository\io\reactivex\rxjava3\rxjava\3.0.4\rxjava-3.0.4.jar;C:\Users\upasna\.m2\repository\org\reactivestreams\reactive-streams\1.0.3\reactive-streams-1.0.3.jar;C:\Users\upasna\.m2\repository\org\freemarker\freemarker\2.3.30\freemarker-2.3.30.jar;C:\Users\upasna\.m2\repository\com\google\code\gson\gson\2.8.6\gson-2.8.6.jar;C:\Users\upasna\.m2\repository\org\projectlombok\lombok\1.18.24\lombok-1.18.24.jar;"/>
    <property name="java.vm.vendor" value="Oracle Corporation"/>
    <property name="sun.arch.data.model" value="64"/>
    <property name="user.variant" value=""/>
    <property name="java.vendor.url" value="https://java.oracle.com/"/>
    <property name="user.timezone" value="Asia/Calcutta"/>
    <property name="os.name" value="Windows 11"/>
    <property name="java.vm.specification.version" value="22"/>
    <property name="sun.java.launcher" value="SUN_STANDARD"/>
    <property name="user.country" value="IN"/>
    <property name="sun.boot.library.path" value="C:\Users\upasna\Downloads\jdk-22_windows-x64_bin\jdk-22.0.2\bin"/>
    <property name="sun.java.command" value="C:\Users\upasna\AppData\Local\Temp\surefire1263217357780411169\surefirebooter2174096146814124923.jar C:\Users\upasna\AppData\Local\Temp\surefire1263217357780411169 2024-09-22T21-41-33_129-jvmRun1 surefire1585661051273922480tmp surefire_018214510367852864139tmp"/>
    <property name="jdk.debug" value="release"/>
    <property name="surefire.test.class.path" value="C:\Users\upasna\Upasna_Redbus\Redbus\target\test-classes;C:\Users\upasna\Upasna_Redbus\Redbus\target\classes;C:\Users\upasna\.m2\repository\org\seleniumhq\selenium\selenium-java\3.141.59\selenium-java-3.141.59.jar;C:\Users\upasna\.m2\repository\org\seleniumhq\selenium\selenium-api\3.141.59\selenium-api-3.141.59.jar;C:\Users\upasna\.m2\repository\org\seleniumhq\selenium\selenium-chrome-driver\3.141.59\selenium-chrome-driver-3.141.59.jar;C:\Users\upasna\.m2\repository\org\seleniumhq\selenium\selenium-edge-driver\3.141.59\selenium-edge-driver-3.141.59.jar;C:\Users\upasna\.m2\repository\org\seleniumhq\selenium\selenium-firefox-driver\3.141.59\selenium-firefox-driver-3.141.59.jar;C:\Users\upasna\.m2\repository\org\seleniumhq\selenium\selenium-ie-driver\3.141.59\selenium-ie-driver-3.141.59.jar;C:\Users\upasna\.m2\repository\org\seleniumhq\selenium\selenium-opera-driver\3.141.59\selenium-opera-driver-3.141.59.jar;C:\Users\upasna\.m2\repository\org\seleniumhq\selenium\selenium-remote-driver\3.141.59\selenium-remote-driver-3.141.59.jar;C:\Users\upasna\.m2\repository\org\seleniumhq\selenium\selenium-safari-driver\3.141.59\selenium-safari-driver-3.141.59.jar;C:\Users\upasna\.m2\repository\org\seleniumhq\selenium\selenium-support\3.141.59\selenium-support-3.141.59.jar;C:\Users\upasna\.m2\repository\net\bytebuddy\byte-buddy\1.8.15\byte-buddy-1.8.15.jar;C:\Users\upasna\.m2\repository\org\apache\commons\commons-exec\1.3\commons-exec-1.3.jar;C:\Users\upasna\.m2\repository\com\google\guava\guava\25.0-jre\guava-25.0-jre.jar;C:\Users\upasna\.m2\repository\com\google\code\findbugs\jsr305\1.3.9\jsr305-1.3.9.jar;C:\Users\upasna\.m2\repository\org\checkerframework\checker-compat-qual\2.0.0\checker-compat-qual-2.0.0.jar;C:\Users\upasna\.m2\repository\com\google\errorprone\error_prone_annotations\2.1.3\error_prone_annotations-2.1.3.jar;C:\Users\upasna\.m2\repository\com\google\j2objc\j2objc-annotations\1.1\j2objc-annotations-1.1.jar;C:\Users\upasna\.m2\repository\org\codehaus\mojo\animal-sniffer-annotations\1.14\animal-sniffer-annotations-1.14.jar;C:\Users\upasna\.m2\repository\com\squareup\okhttp3\okhttp\3.11.0\okhttp-3.11.0.jar;C:\Users\upasna\.m2\repository\com\squareup\okio\okio\1.14.0\okio-1.14.0.jar;C:\Users\upasna\.m2\repository\org\testng\testng\6.14.3\testng-6.14.3.jar;C:\Users\upasna\.m2\repository\com\beust\jcommander\1.72\jcommander-1.72.jar;C:\Users\upasna\.m2\repository\org\apache-extras\beanshell\bsh\2.0b6\bsh-2.0b6.jar;C:\Users\upasna\.m2\repository\org\apache\logging\log4j\log4j-core\2.17.1\log4j-core-2.17.1.jar;C:\Users\upasna\.m2\repository\org\apache\logging\log4j\log4j-api\2.17.1\log4j-api-2.17.1.jar;C:\Users\upasna\.m2\repository\com\aventstack\extentreports\5.0.6\extentreports-5.0.6.jar;C:\Users\upasna\.m2\repository\io\reactivex\rxjava3\rxjava\3.0.4\rxjava-3.0.4.jar;C:\Users\upasna\.m2\repository\org\reactivestreams\reactive-streams\1.0.3\reactive-streams-1.0.3.jar;C:\Users\upasna\.m2\repository\org\freemarker\freemarker\2.3.30\freemarker-2.3.30.jar;C:\Users\upasna\.m2\repository\com\google\code\gson\gson\2.8.6\gson-2.8.6.jar;C:\Users\upasna\.m2\repository\org\projectlombok\lombok\1.18.24\lombok-1.18.24.jar;"/>
    <property name="sun.cpu.endian" value="little"/>
    <property name="user.home" value="C:\Users\upasna"/>
    <property name="user.language" value="en"/>
    <property name="java.specification.vendor" value="Oracle Corporation"/>
    <property name="java.version.date" value="2024-07-16"/>
    <property name="java.home" value="C:\Users\upasna\Downloads\jdk-22_windows-x64_bin\jdk-22.0.2"/>
    <property name="file.separator" value="\"/>
    <property name="basedir" value="C:\Users\upasna\Upasna_Redbus\Redbus"/>
    <property name="java.vm.compressedOopsMode" value="Zero based"/>
    <property name="line.separator" value="&#10;"/>
    <property name="java.vm.specification.vendor" value="Oracle Corporation"/>
    <property name="java.specification.name" value="Java Platform API Specification"/>
    <property name="surefire.real.class.path" value="C:\Users\upasna\AppData\Local\Temp\surefire1263217357780411169\surefirebooter2174096146814124923.jar"/>
    <property name="user.script" value=""/>
    <property name="sun.management.compiler" value="HotSpot 64-Bit Tiered Compilers"/>
    <property name="java.runtime.version" value="22.0.2+9-70"/>
    <property name="user.name" value="upasna"/>
    <property name="stdout.encoding" value="Cp1252"/>
    <property name="path.separator" value=";"/>
    <property name="os.version" value="10.0"/>
    <property name="java.runtime.name" value="Java(TM) SE Runtime Environment"/>
    <property name="file.encoding" value="UTF-8"/>
    <property name="java.vm.name" value="Java HotSpot(TM) 64-Bit Server VM"/>
    <property name="localRepository" value="C:\Users\upasna\.m2\repository"/>
    <property name="java.vendor.url.bug" value="https://bugreport.java.com/bugreport/"/>
    <property name="java.io.tmpdir" value="C:\Users\upasna\AppData\Local\Temp\"/>
    <property name="java.version" value="22.0.2"/>
    <property name="user.dir" value="C:\Users\upasna\Upasna_Redbus\Redbus"/>
    <property name="os.arch" value="amd64"/>
    <property name="java.vm.specification.name" value="Java Virtual Machine Specification"/>
    <property name="sun.os.patch.level" value=""/>
    <property name="native.encoding" value="Cp1252"/>
    <property name="java.library.path" value="C:\Users\upasna\Downloads\jdk-22_windows-x64_bin\jdk-22.0.2\bin;C:\Windows\Sun\Java\bin;C:\Windows\system32;C:\Windows;C:/Users/upasna/.p2/pool/plugins/org.eclipse.justj.openjdk.hotspot.jre.full.win32.x86_64_22.0.1.v20240426-1149/jre/bin/server;C:/Users/upasna/.p2/pool/plugins/org.eclipse.justj.openjdk.hotspot.jre.full.win32.x86_64_22.0.1.v20240426-1149/jre/bin;C:\Program Files\OpenLogic\jdk-17.0.12.7-hotspot\bin;C:\Windows\system32;C:\Windows;C:\Windows\System32\Wbem;C:\Windows\System32\WindowsPowerShell\v1.0\;C:\Windows\System32\OpenSSH\;C:\Program Files\dotnet\;C:\Program Files\Git\cmd;C:\Program Files\nodejs\;C:\Program Files\TortoiseSVN\bin;C:\Users\upasna\AppData\Local\Microsoft\WindowsApps;C:\Users\upasna\AppData\Local\Programs\Microsoft VS Code\bin;C:\Users\upasna\Downloads\jdk-22_windows-x64_bin\jdk-22.0.2\bin;C:\Users\upasna\Downloads\apache-maven-3.9.8-bin\apache-maven-3.9.8\bin;;C:\Windows\System32;;."/>
    <property name="java.vm.info" value="mixed mode, sharing"/>
    <property name="stderr.encoding" value="Cp1252"/>
    <property name="java.vendor" value="Oracle Corporation"/>
    <property name="java.vm.version" value="22.0.2+9-70"/>
    <property name="sun.io.unicode.encoding" value="UnicodeLittle"/>
    <property name="java.class.version" value="66.0"/>
  </properties>
  <testcase name="searchBusSort" classname="com.Redbus.tests.RedbusSearchTest" time="8.594">
    <system-out><![CDATA[[TestNGContentHandler] [WARN] It is strongly recommended to add "<!DOCTYPE suite SYSTEM "http://testng.org/testng-1.0.dtd" >" at the top of your file, otherwise TestNG may fail or not work as expected.
chrome
21:41:45.056 [main] INFO  com.Redbus.utils.BasePage - Waiting for element to be visible: By.id: src
21:41:45.298 [main] INFO  com.Redbus.utils.BasePage - Waiting for element to be visible: By.className: sc-dnqmqq
21:41:45.960 [main] INFO  com.Redbus.utils.BasePage - Waiting for element to be visible: By.id: src
21:41:46.166 [main] INFO  com.Redbus.utils.BasePage - Waiting for element to be visible: By.id: dest
21:41:46.274 [main] INFO  com.Redbus.utils.BasePage - Waiting for element to be visible: By.className: sc-dnqmqq
21:41:47.184 [main] INFO  com.Redbus.utils.BasePage - Waiting for element to be visible: By.id: dest
[[[ChromeDriver: chrome on WINDOWS (c95c65f5e624bc05ea35d96c94e252c7)] -> class name: DayNavigator__IconBlock-qj8jdz-2], [[ChromeDriver: chrome on WINDOWS (c95c65f5e624bc05ea35d96c94e252c7)] -> class name: DayNavigator__IconBlock-qj8jdz-2], [[ChromeDriver: chrome on WINDOWS (c95c65f5e624bc05ea35d96c94e252c7)] -> class name: DayNavigator__IconBlock-qj8jdz-2]]
Sep 2024
2 Holidays
Month is less than curr month
21:41:49.340 [main] INFO  com.Redbus.utils.BasePage - Clicking on element: By.id: search_button
21:41:49.340 [main] INFO  com.Redbus.utils.BasePage - Waiting for element to be visible: By.id: search_button
21:41:49.455 [main] INFO  com.Redbus.utils.BasePage - Waiting for element to be visible: By.id: result-section
21:41:52.131 [main] INFO  com.Redbus.utils.BasePage - Waiting for element to be visible: By.className: sort-sec
21:41:52.393 [main] INFO  com.Redbus.utils.BasePage - Waiting for element to be visible: By.className: sort-sec
21:41:52.714 [main] INFO  com.Redbus.utils.BasePage - Checking if element is displayed: By.id: result-section
21:41:52.714 [main] INFO  com.Redbus.utils.BasePage - Waiting for element to be visible: By.id: result-section
]]></system-out>
    <system-err><![CDATA[Starting ChromeDriver 129.0.6668.58 (81a06fb873a9b386848719cf9f93e59579fb5d4b-refs/branch-heads/6668@{#1318}) on port 36740
Only local connections are allowed.
Please see https://chromedriver.chromium.org/security-considerations for suggestions on keeping ChromeDriver safe.
ChromeDriver was started successfully on port 36740.
Sept 22, 2024 9:41:40 PM org.openqa.selenium.remote.ProtocolHandshake createSession
INFO: Detected dialect: W3C
]]></system-err>
  </testcase>
  <testcase name="searchBusTicket" classname="com.Redbus.tests.RedbusSearchTest" time="5.772">
    <system-out><![CDATA[chrome
21:41:56.511 [main] INFO  com.Redbus.utils.BasePage - Waiting for element to be visible: By.id: src
21:41:56.722 [main] INFO  com.Redbus.utils.BasePage - Waiting for element to be visible: By.className: sc-dnqmqq
21:41:57.515 [main] INFO  com.Redbus.utils.BasePage - Waiting for element to be visible: By.id: src
21:41:57.628 [main] INFO  com.Redbus.utils.BasePage - Waiting for element to be visible: By.id: dest
21:41:57.742 [main] INFO  com.Redbus.utils.BasePage - Waiting for element to be visible: By.className: sc-dnqmqq
21:41:58.408 [main] INFO  com.Redbus.utils.BasePage - Waiting for element to be visible: By.id: dest
[[[ChromeDriver: chrome on WINDOWS (0bdb2c82c50257641154394886e20c38)] -> class name: DayNavigator__IconBlock-qj8jdz-2], [[ChromeDriver: chrome on WINDOWS (0bdb2c82c50257641154394886e20c38)] -> class name: DayNavigator__IconBlock-qj8jdz-2], [[ChromeDriver: chrome on WINDOWS (0bdb2c82c50257641154394886e20c38)] -> class name: DayNavigator__IconBlock-qj8jdz-2]]
Sep 2024
2 Holidays
Month is less than curr month
21:41:59.008 [main] INFO  com.Redbus.utils.BasePage - Clicking on element: By.id: search_button
21:41:59.008 [main] INFO  com.Redbus.utils.BasePage - Waiting for element to be visible: By.id: search_button
21:41:59.084 [main] INFO  com.Redbus.utils.BasePage - Waiting for element to be visible: By.id: result-section
21:42:01.645 [main] INFO  com.Redbus.utils.BasePage - Checking if element is displayed: By.id: result-section
21:42:01.645 [main] INFO  com.Redbus.utils.BasePage - Waiting for element to be visible: By.id: result-section
]]></system-out>
    <system-err><![CDATA[Starting ChromeDriver 129.0.6668.58 (81a06fb873a9b386848719cf9f93e59579fb5d4b-refs/branch-heads/6668@{#1318}) on port 55159
Only local connections are allowed.
Please see https://chromedriver.chromium.org/security-considerations for suggestions on keeping ChromeDriver safe.
ChromeDriver was started successfully on port 55159.
Sept 22, 2024 9:41:54 PM org.openqa.selenium.remote.ProtocolHandshake createSession
INFO: Detected dialect: W3C
]]></system-err>
  </testcase>
  <testcase name="searchTrain" classname="com.Redbus.tests.RedbusSearchTest" time="10.838">
    <failure message="unexpected alert open: {Alert text : Please enter valid source}&#10;  (Session info: chrome=129.0.6668.59): Please enter valid source&#10;Build info: version: &apos;3.141.59&apos;, revision: &apos;e82be7d358&apos;, time: &apos;2018-11-14T08:17:03&apos;&#10;System info: host: &apos;IN-B8WHX14&apos;, ip: &apos;192.168.1.3&apos;, os.name: &apos;Windows 11&apos;, os.arch: &apos;amd64&apos;, os.version: &apos;10.0&apos;, java.version: &apos;22.0.2&apos;&#10;Driver info: org.openqa.selenium.chrome.ChromeDriver&#10;Capabilities {acceptInsecureCerts: false, browserName: chrome, browserVersion: 129.0.6668.59, chrome: {chromedriverVersion: 129.0.6668.58 (81a06fb873a9..., userDataDir: C:\Users\upasna\AppData\Loc...}, fedcm:accounts: true, goog:chromeOptions: {debuggerAddress: localhost:53096}, javascriptEnabled: true, networkConnectionEnabled: false, pageLoadStrategy: normal, platform: WINDOWS, platformName: WINDOWS, proxy: Proxy(), setWindowRect: true, strictFileInteractability: false, timeouts: {implicit: 0, pageLoad: 300000, script: 30000}, unhandledPromptBehavior: dismiss and notify, webauthn:extension:credBlob: true, webauthn:extension:largeBlob: true, webauthn:extension:minPinLength: true, webauthn:extension:prf: true, webauthn:virtualAuthenticators: true}&#10;Session ID: a80eadd61ec2d40f0406a402c83d4c91&#10;*** Element info: {Using=class name, value=search_tupple_wrap}" type="org.openqa.selenium.UnhandledAlertException"><![CDATA[org.openqa.selenium.UnhandledAlertException: 
unexpected alert open: {Alert text : Please enter valid source}
  (Session info: chrome=129.0.6668.59): Please enter valid source
Build info: version: '3.141.59', revision: 'e82be7d358', time: '2018-11-14T08:17:03'
System info: host: 'IN-B8WHX14', ip: '192.168.1.3', os.name: 'Windows 11', os.arch: 'amd64', os.version: '10.0', java.version: '22.0.2'
Driver info: org.openqa.selenium.chrome.ChromeDriver
Capabilities {acceptInsecureCerts: false, browserName: chrome, browserVersion: 129.0.6668.59, chrome: {chromedriverVersion: 129.0.6668.58 (81a06fb873a9..., userDataDir: C:\Users\upasna\AppData\Loc...}, fedcm:accounts: true, goog:chromeOptions: {debuggerAddress: localhost:53096}, javascriptEnabled: true, networkConnectionEnabled: false, pageLoadStrategy: normal, platform: WINDOWS, platformName: WINDOWS, proxy: Proxy(), setWindowRect: true, strictFileInteractability: false, timeouts: {implicit: 0, pageLoad: 300000, script: 30000}, unhandledPromptBehavior: dismiss and notify, webauthn:extension:credBlob: true, webauthn:extension:largeBlob: true, webauthn:extension:minPinLength: true, webauthn:extension:prf: true, webauthn:virtualAuthenticators: true}
Session ID: a80eadd61ec2d40f0406a402c83d4c91
*** Element info: {Using=class name, value=search_tupple_wrap}
	at com.Redbus.tests.RedbusSearchTest.searchTrain(RedbusSearchTest.java:54)
]]></failure>
    <system-out><![CDATA[chrome
21:42:04.905 [main] INFO  com.Redbus.utils.BasePage - Waiting for element to be visible: By.id: rail_tickets_vertical
21:42:07.253 [main] INFO  com.Redbus.utils.BasePage - Waiting for element to be visible: By.id: src
21:42:07.525 [main] INFO  com.Redbus.utils.BasePage - Waiting for element to be visible: By.id: dst
21:42:12.699 [main] INFO  com.Redbus.utils.BasePage - Waiting for element to be visible: By.className: dst_search_wrapper
21:42:12.801 [main] INFO  com.Redbus.utils.BasePage - Waiting for element to be visible: By.className: dst_search_wrapper
21:42:12.899 [main] INFO  com.Redbus.utils.BasePage - Waiting for element to be visible: By.className: dst_search_wrapper
MAS
21:42:13.135 [main] INFO  com.Redbus.utils.BasePage - Clicking on element: By.className: search-btn
21:42:13.135 [main] INFO  com.Redbus.utils.BasePage - Waiting for element to be visible: By.className: search-btn
21:42:15.280 [main] INFO  com.Redbus.utils.BasePage - Waiting for elements to be visible: By.className: search_tupple_wrap
]]></system-out>
    <system-err><![CDATA[Starting ChromeDriver 129.0.6668.58 (81a06fb873a9b386848719cf9f93e59579fb5d4b-refs/branch-heads/6668@{#1318}) on port 17790
Only local connections are allowed.
Please see https://chromedriver.chromium.org/security-considerations for suggestions on keeping ChromeDriver safe.
ChromeDriver was started successfully on port 17790.
Sept 22, 2024 9:42:03 PM org.openqa.selenium.remote.ProtocolHandshake createSession
INFO: Detected dialect: W3C
]]></system-err>
  </testcase>
  <testcase name="viewOffers" classname="com.Redbus.tests.RedbusSearchTest" time="6.127">
    <system-out><![CDATA[chrome
21:42:18.374 [main] INFO  com.Redbus.utils.BasePage - Waiting for element to be visible: By.className: OfferSection__ViewAllText-sc-16xojcc-1
21:42:19.053 [main] INFO  com.Redbus.utils.BasePage - Waiting for elements to be visible: By.className: offerBlock
21:42:22.423 [main] INFO  com.Redbus.utils.BasePage - Waiting for element to be visible: By.id: offerClose
]]></system-out>
    <system-err><![CDATA[Starting ChromeDriver 129.0.6668.58 (81a06fb873a9b386848719cf9f93e59579fb5d4b-refs/branch-heads/6668@{#1318}) on port 32149
Only local connections are allowed.
Please see https://chromedriver.chromium.org/security-considerations for suggestions on keeping ChromeDriver safe.
ChromeDriver was started successfully on port 32149.
Sept 22, 2024 9:42:16 PM org.openqa.selenium.remote.ProtocolHandshake createSession
INFO: Detected dialect: W3C
]]></system-err>
  </testcase>
</testsuite>