<?xml version="1.0" encoding="UTF-8"?>
<!-- Generated by org.testng.reporters.JUnitReportReporter -->
<testsuite hostname="IN-B8WHX14" failures="0" tests="1" name="com.Redbus.tests.RedbusSearchTest" time="6.960" errors="0" timestamp="2024-09-22T19:11:29 IST" skipped="0">
  <testcase classname="com.Redbus.tests.RedbusSearchTest" name="searchBusTicket" time="6.960"/>
  <system-out/>
</testsuite> <!-- com.Redbus.tests.RedbusSearchTest -->
