<?xml version="1.0" encoding="UTF-8"?>
<!-- Generated by org.testng.reporters.JUnitReportReporter -->
<testsuite hostname="IN-B8WHX14" failures="0" tests="3" name="com.Redbus.tests.RedbusSearchTest" time="29.992" errors="0" timestamp="22 Sept 2024 17:16:52 GMT" skipped="0">
  <testcase classname="com.Redbus.tests.RedbusSearchTest" name="searchBusSort" time="13.285"/>
  <testcase classname="com.Redbus.tests.RedbusSearchTest" name="searchBusTicket" time="8.578"/>
  <testcase classname="com.Redbus.tests.RedbusSearchTest" name="viewOffers" time="8.129"/>
</testsuite> <!-- com.Redbus.tests.RedbusSearchTest -->
